# JRE version: OpenJDK Runtime Environment (8.0_152-b01) (build 1.8.0_152-release-1343-b01)
# Java VM: OpenJDK 64-Bit Server VM (25.152-b01 mixed mode windows-amd64 compressed oops)
Heap:
 PSYoungGen      total 253440K, used 30617K [0x00000000e0000000, 0x00000000f4480000, 0x0000000100000000)
  eden space 229888K, 3% used [0x00000000e0000000,0x00000000e06ee4c0,0x00000000ee080000)
  from space 23552K, 99% used [0x00000000ee080000,0x00000000ef778030,0x00000000ef780000)
  to   space 27136K, 0% used [0x00000000f2a00000,0x00000000f2a00000,0x00000000f4480000)
 ParOldGen       total 241152K, used 42039K [0x00000000a0000000, 0x00000000aeb80000, 0x00000000e0000000)
  object space 241152K, 17% used [0x00000000a0000000,0x00000000a290de78,0x00000000aeb80000)
 Metaspace       used 61487K, capacity 64368K, committed 64512K, reserved 1105920K
  class space    used 8273K, capacity 8865K, committed 8960K, reserved 1048576K
GC Heap History (10 events):
Event: 5.473 GC heap before
{Heap before GC invocations=8 (full 2):
 PSYoungGen      total 172032K, used 10847K [0x00000000e0000000, 0x00000000eee00000, 0x0000000100000000)
  eden space 156672K, 0% used [0x00000000e0000000,0x00000000e0000000,0x00000000e9900000)
  from space 15360K, 70% used [0x00000000ea780000,0x00000000eb217ec0,0x00000000eb680000)
  to   space 14848K, 0% used [0x00000000e9900000,0x00000000e9900000,0x00000000ea780000)
 ParOldGen       total 109056K, used 14184K [0x00000000a0000000, 0x00000000a6a80000, 0x00000000e0000000)
  object space 109056K, 13% used [0x00000000a0000000,0x00000000a0dda338,0x00000000a6a80000)
 Metaspace       used 34567K, capacity 35384K, committed 35456K, reserved 1079296K
  class space    used 4770K, capacity 4977K, committed 4992K, reserved 1048576K
Event: 5.530 GC heap after
Heap after GC invocations=8 (full 2):
 PSYoungGen      total 172032K, used 0K [0x00000000e0000000, 0x00000000eee00000, 0x0000000100000000)
  eden space 156672K, 0% used [0x00000000e0000000,0x00000000e0000000,0x00000000e9900000)
  from space 15360K, 0% used [0x00000000ea780000,0x00000000ea780000,0x00000000eb680000)
  to   space 14848K, 0% used [0x00000000e9900000,0x00000000e9900000,0x00000000ea780000)
 ParOldGen       total 164352K, used 19109K [0x00000000a0000000, 0x00000000aa080000, 0x00000000e0000000)
  object space 164352K, 11% used [0x00000000a0000000,0x00000000a12a9678,0x00000000aa080000)
 Metaspace       used 34527K, capacity 35252K, committed 35456K, reserved 1079296K
  class space    used 4758K, capacity 4955K, committed 4992K, reserved 1048576K
}
Event: 7.409 GC heap before
{Heap before GC invocations=9 (full 2):
 PSYoungGen      total 172032K, used 156672K [0x00000000e0000000, 0x00000000eee00000, 0x0000000100000000)
  eden space 156672K, 100% used [0x00000000e0000000,0x00000000e9900000,0x00000000e9900000)
  from space 15360K, 0% used [0x00000000ea780000,0x00000000ea780000,0x00000000eb680000)
  to   space 14848K, 0% used [0x00000000e9900000,0x00000000e9900000,0x00000000ea780000)
 ParOldGen       total 164352K, used 19109K [0x00000000a0000000, 0x00000000aa080000, 0x00000000e0000000)
  object space 164352K, 11% used [0x00000000a0000000,0x00000000a12a9678,0x00000000aa080000)
 Metaspace       used 47056K, capacity 48142K, committed 48512K, reserved 1091584K
  class space    used 6392K, capacity 6697K, committed 6784K, reserved 1048576K
Event: 7.431 GC heap after
Heap after GC invocations=9 (full 2):
 PSYoungGen      total 171520K, used 14816K [0x00000000e0000000, 0x00000000f0a00000, 0x0000000100000000)
  eden space 156672K, 0% used [0x00000000e0000000,0x00000000e0000000,0x00000000e9900000)
  from space 14848K, 99% used [0x00000000e9900000,0x00000000ea7781f8,0x00000000ea780000)
  to   space 18944K, 0% used [0x00000000ef780000,0x00000000ef780000,0x00000000f0a00000)
 ParOldGen       total 164352K, used 23696K [0x00000000a0000000, 0x00000000aa080000, 0x00000000e0000000)
  object space 164352K, 14% used [0x00000000a0000000,0x00000000a1724000,0x00000000aa080000)
 Metaspace       used 47056K, capacity 48142K, committed 48512K, reserved 1091584K
  class space    used 6392K, capacity 6697K, committed 6784K, reserved 1048576K
}
Event: 9.180 GC heap before
{Heap before GC invocations=10 (full 2):
 PSYoungGen      total 171520K, used 150941K [0x00000000e0000000, 0x00000000f0a00000, 0x0000000100000000)
  eden space 156672K, 86% used [0x00000000e0000000,0x00000000e84ef5e0,0x00000000e9900000)
  from space 14848K, 99% used [0x00000000e9900000,0x00000000ea7781f8,0x00000000ea780000)
  to   space 18944K, 0% used [0x00000000ef780000,0x00000000ef780000,0x00000000f0a00000)
 ParOldGen       total 164352K, used 23696K [0x00000000a0000000, 0x00000000aa080000, 0x00000000e0000000)
  object space 164352K, 14% used [0x00000000a0000000,0x00000000a1724000,0x00000000aa080000)
 Metaspace       used 57126K, capacity 59080K, committed 59096K, reserved 1099776K
  class space    used 7743K, capacity 8179K, committed 8192K, reserved 1048576K
Event: 9.202 GC heap after
Heap after GC invocations=10 (full 2):
 PSYoungGen      total 248832K, used 18918K [0x00000000e0000000, 0x00000000f1000000, 0x0000000100000000)
  eden space 229888K, 0% used [0x00000000e0000000,0x00000000e0000000,0x00000000ee080000)
  from space 18944K, 99% used [0x00000000ef780000,0x00000000f09f9ac8,0x00000000f0a00000)
  to   space 23552K, 0% used [0x00000000ee080000,0x00000000ee080000,0x00000000ef780000)
 ParOldGen       total 164352K, used 28173K [0x00000000a0000000, 0x00000000aa080000, 0x00000000e0000000)
  object space 164352K, 17% used [0x00000000a0000000,0x00000000a1b83640,0x00000000aa080000)
 Metaspace       used 57126K, capacity 59080K, committed 59096K, reserved 1099776K
  class space    used 7743K, capacity 8179K, committed 8192K, reserved 1048576K
}
Event: 9.202 GC heap before
{Heap before GC invocations=11 (full 3):
 PSYoungGen      total 248832K, used 18918K [0x00000000e0000000, 0x00000000f1000000, 0x0000000100000000)
  eden space 229888K, 0% used [0x00000000e0000000,0x00000000e0000000,0x00000000ee080000)
  from space 18944K, 99% used [0x00000000ef780000,0x00000000f09f9ac8,0x00000000f0a00000)
  to   space 23552K, 0% used [0x00000000ee080000,0x00000000ee080000,0x00000000ef780000)
 ParOldGen       total 164352K, used 28173K [0x00000000a0000000, 0x00000000aa080000, 0x00000000e0000000)
  object space 164352K, 17% used [0x00000000a0000000,0x00000000a1b83640,0x00000000aa080000)
 Metaspace       used 57126K, capacity 59080K, committed 59096K, reserved 1099776K
  class space    used 7743K, capacity 8179K, committed 8192K, reserved 1048576K
Event: 9.365 GC heap after
Heap after GC invocations=11 (full 3):
 PSYoungGen      total 248832K, used 0K [0x00000000e0000000, 0x00000000f1000000, 0x0000000100000000)
  eden space 229888K, 0% used [0x00000000e0000000,0x00000000e0000000,0x00000000ee080000)
  from space 18944K, 0% used [0x00000000ef780000,0x00000000ef780000,0x00000000f0a00000)
  to   space 23552K, 0% used [0x00000000ee080000,0x00000000ee080000,0x00000000ef780000)
 ParOldGen       total 241152K, used 39838K [0x00000000a0000000, 0x00000000aeb80000, 0x00000000e0000000)
  object space 241152K, 16% used [0x00000000a0000000,0x00000000a26e78b0,0x00000000aeb80000)
 Metaspace       used 57126K, capacity 59080K, committed 59096K, reserved 1099776K
  class space    used 7743K, capacity 8179K, committed 8192K, reserved 1048576K
}
Event: 13.169 GC heap before
{Heap before GC invocations=12 (full 3):
 PSYoungGen      total 248832K, used 229888K [0x00000000e0000000, 0x00000000f1000000, 0x0000000100000000)
  eden space 229888K, 100% used [0x00000000e0000000,0x00000000ee080000,0x00000000ee080000)
  from space 18944K, 0% used [0x00000000ef780000,0x00000000ef780000,0x00000000f0a00000)
  to   space 23552K, 0% used [0x00000000ee080000,0x00000000ee080000,0x00000000ef780000)
 ParOldGen       total 241152K, used 39838K [0x00000000a0000000, 0x00000000aeb80000, 0x00000000e0000000)
  object space 241152K, 16% used [0x00000000a0000000,0x00000000a26e78b0,0x00000000aeb80000)
 Metaspace       used 61350K, capacity 64240K, committed 64512K, reserved 1105920K
  class space    used 8252K, capacity 8865K, committed 8960K, reserved 1048576K
Event: 13.195 GC heap after
Heap after GC invocations=12 (full 3):
 PSYoungGen      total 253440K, used 23520K [0x00000000e0000000, 0x00000000f4480000, 0x0000000100000000)
  eden space 229888K, 0% used [0x00000000e0000000,0x00000000e0000000,0x00000000ee080000)
  from space 23552K, 99% used [0x00000000ee080000,0x00000000ef778030,0x00000000ef780000)
  to   space 27136K, 0% used [0x00000000f2a00000,0x00000000f2a00000,0x00000000f4480000)
 ParOldGen       total 241152K, used 42039K [0x00000000a0000000, 0x00000000aeb80000, 0x00000000e0000000)
  object space 241152K, 17% used [0x00000000a0000000,0x00000000a290de78,0x00000000aeb80000)
 Metaspace       used 61350K, capacity 64240K, committed 64512K, reserved 1105920K
  class space    used 8252K, capacity 8865K, committed 8960K, reserved 1048576K
}

