# JRE version: OpenJDK Runtime Environment (8.0_152-b01) (build 1.8.0_152-release-1343-b01)
# Java VM: OpenJDK 64-Bit Server VM (25.152-b01 mixed mode windows-amd64 compressed oops)
Heap:
 PSYoungGen      total 145408K, used 12168K [0x00000000e0000000, 0x00000000ec000000, 0x0000000100000000)
  eden space 128000K, 9% used [0x00000000e0000000,0x00000000e0be2068,0x00000000e7d00000)
  from space 17408K, 0% used [0x00000000e7d00000,0x00000000e7d00000,0x00000000e8e00000)
  to   space 20992K, 0% used [0x00000000eab80000,0x00000000eab80000,0x00000000ec000000)
 ParOldGen       total 283648K, used 38218K [0x00000000a0000000, 0x00000000b1500000, 0x00000000e0000000)
  object space 283648K, 13% used [0x00000000a0000000,0x00000000a2552ad8,0x00000000b1500000)
 Metaspace       used 57602K, capacity 59665K, committed 59776K, reserved 1101824K
  class space    used 7797K, capacity 8307K, committed 8320K, reserved 1048576K
GC Heap History (10 events):
Event: 6.005 GC heap before
{Heap before GC invocations=8 (full 2):
 PSYoungGen      total 110592K, used 12130K [0x00000000e0000000, 0x00000000e7c00000, 0x0000000100000000)
  eden space 97792K, 0% used [0x00000000e0000000,0x00000000e0000000,0x00000000e5f80000)
  from space 12800K, 94% used [0x00000000e6d00000,0x00000000e78d8960,0x00000000e7980000)
  to   space 13824K, 0% used [0x00000000e5f80000,0x00000000e5f80000,0x00000000e6d00000)
 ParOldGen       total 111616K, used 11299K [0x00000000a0000000, 0x00000000a6d00000, 0x00000000e0000000)
  object space 111616K, 10% used [0x00000000a0000000,0x00000000a0b08df0,0x00000000a6d00000)
 Metaspace       used 34584K, capacity 35408K, committed 35456K, reserved 1079296K
  class space    used 4772K, capacity 4981K, committed 4992K, reserved 1048576K
Event: 6.096 GC heap after
Heap after GC invocations=8 (full 2):
 PSYoungGen      total 110592K, used 0K [0x00000000e0000000, 0x00000000e7c00000, 0x0000000100000000)
  eden space 97792K, 0% used [0x00000000e0000000,0x00000000e0000000,0x00000000e5f80000)
  from space 12800K, 0% used [0x00000000e6d00000,0x00000000e6d00000,0x00000000e7980000)
  to   space 13824K, 0% used [0x00000000e5f80000,0x00000000e5f80000,0x00000000e6d00000)
 ParOldGen       total 186880K, used 19142K [0x00000000a0000000, 0x00000000ab680000, 0x00000000e0000000)
  object space 186880K, 10% used [0x00000000a0000000,0x00000000a12b1be8,0x00000000ab680000)
 Metaspace       used 34538K, capacity 35252K, committed 35456K, reserved 1079296K
  class space    used 4758K, capacity 4955K, committed 4992K, reserved 1048576K
}
Event: 7.462 GC heap before
{Heap before GC invocations=9 (full 2):
 PSYoungGen      total 110592K, used 97792K [0x00000000e0000000, 0x00000000e7c00000, 0x0000000100000000)
  eden space 97792K, 100% used [0x00000000e0000000,0x00000000e5f80000,0x00000000e5f80000)
  from space 12800K, 0% used [0x00000000e6d00000,0x00000000e6d00000,0x00000000e7980000)
  to   space 13824K, 0% used [0x00000000e5f80000,0x00000000e5f80000,0x00000000e6d00000)
 ParOldGen       total 186880K, used 19142K [0x00000000a0000000, 0x00000000ab680000, 0x00000000e0000000)
  object space 186880K, 10% used [0x00000000a0000000,0x00000000a12b1be8,0x00000000ab680000)
 Metaspace       used 44332K, capacity 45324K, committed 45696K, reserved 1089536K
  class space    used 5958K, capacity 6222K, committed 6272K, reserved 1048576K
Event: 7.478 GC heap after
Heap after GC invocations=9 (full 2):
 PSYoungGen      total 111616K, used 13796K [0x00000000e0000000, 0x00000000e9d80000, 0x0000000100000000)
  eden space 97792K, 0% used [0x00000000e0000000,0x00000000e0000000,0x00000000e5f80000)
  from space 13824K, 99% used [0x00000000e5f80000,0x00000000e6cf93b0,0x00000000e6d00000)
  to   space 15872K, 0% used [0x00000000e8e00000,0x00000000e8e00000,0x00000000e9d80000)
 ParOldGen       total 186880K, used 20023K [0x00000000a0000000, 0x00000000ab680000, 0x00000000e0000000)
  object space 186880K, 10% used [0x00000000a0000000,0x00000000a138dee0,0x00000000ab680000)
 Metaspace       used 44332K, capacity 45324K, committed 45696K, reserved 1089536K
  class space    used 5958K, capacity 6222K, committed 6272K, reserved 1048576K
}
Event: 8.795 GC heap before
{Heap before GC invocations=10 (full 2):
 PSYoungGen      total 111616K, used 111588K [0x00000000e0000000, 0x00000000e9d80000, 0x0000000100000000)
  eden space 97792K, 100% used [0x00000000e0000000,0x00000000e5f80000,0x00000000e5f80000)
  from space 13824K, 99% used [0x00000000e5f80000,0x00000000e6cf93b0,0x00000000e6d00000)
  to   space 15872K, 0% used [0x00000000e8e00000,0x00000000e8e00000,0x00000000e9d80000)
 ParOldGen       total 186880K, used 20023K [0x00000000a0000000, 0x00000000ab680000, 0x00000000e0000000)
  object space 186880K, 10% used [0x00000000a0000000,0x00000000a138dee0,0x00000000ab680000)
 Metaspace       used 50471K, capacity 51606K, committed 51968K, reserved 1093632K
  class space    used 6771K, capacity 7067K, committed 7168K, reserved 1048576K
Event: 8.809 GC heap after
Heap after GC invocations=10 (full 2):
 PSYoungGen      total 143872K, used 15472K [0x00000000e0000000, 0x00000000ea080000, 0x0000000100000000)
  eden space 128000K, 0% used [0x00000000e0000000,0x00000000e0000000,0x00000000e7d00000)
  from space 15872K, 97% used [0x00000000e8e00000,0x00000000e9d1c0d8,0x00000000e9d80000)
  to   space 17408K, 0% used [0x00000000e7d00000,0x00000000e7d00000,0x00000000e8e00000)
 ParOldGen       total 186880K, used 20095K [0x00000000a0000000, 0x00000000ab680000, 0x00000000e0000000)
  object space 186880K, 10% used [0x00000000a0000000,0x00000000a139fef0,0x00000000ab680000)
 Metaspace       used 50471K, capacity 51606K, committed 51968K, reserved 1093632K
  class space    used 6771K, capacity 7067K, committed 7168K, reserved 1048576K
}
Event: 10.191 GC heap before
{Heap before GC invocations=11 (full 2):
 PSYoungGen      total 143872K, used 108885K [0x00000000e0000000, 0x00000000ea080000, 0x0000000100000000)
  eden space 128000K, 72% used [0x00000000e0000000,0x00000000e5b393e0,0x00000000e7d00000)
  from space 15872K, 97% used [0x00000000e8e00000,0x00000000e9d1c0d8,0x00000000e9d80000)
  to   space 17408K, 0% used [0x00000000e7d00000,0x00000000e7d00000,0x00000000e8e00000)
 ParOldGen       total 186880K, used 20095K [0x00000000a0000000, 0x00000000ab680000, 0x00000000e0000000)
  object space 186880K, 10% used [0x00000000a0000000,0x00000000a139fef0,0x00000000ab680000)
 Metaspace       used 57125K, capacity 59083K, committed 59096K, reserved 1099776K
  class space    used 7743K, capacity 8179K, committed 8192K, reserved 1048576K
Event: 10.213 GC heap after
Heap after GC invocations=11 (full 2):
 PSYoungGen      total 145408K, used 17397K [0x00000000e0000000, 0x00000000ec000000, 0x0000000100000000)
  eden space 128000K, 0% used [0x00000000e0000000,0x00000000e0000000,0x00000000e7d00000)
  from space 17408K, 99% used [0x00000000e7d00000,0x00000000e8dfd7b0,0x00000000e8e00000)
  to   space 20992K, 0% used [0x00000000eab80000,0x00000000eab80000,0x00000000ec000000)
 ParOldGen       total 186880K, used 24143K [0x00000000a0000000, 0x00000000ab680000, 0x00000000e0000000)
  object space 186880K, 12% used [0x00000000a0000000,0x00000000a1793cd0,0x00000000ab680000)
 Metaspace       used 57125K, capacity 59083K, committed 59096K, reserved 1099776K
  class space    used 7743K, capacity 8179K, committed 8192K, reserved 1048576K
}
Event: 10.213 GC heap before
{Heap before GC invocations=12 (full 3):
 PSYoungGen      total 145408K, used 17397K [0x00000000e0000000, 0x00000000ec000000, 0x0000000100000000)
  eden space 128000K, 0% used [0x00000000e0000000,0x00000000e0000000,0x00000000e7d00000)
  from space 17408K, 99% used [0x00000000e7d00000,0x00000000e8dfd7b0,0x00000000e8e00000)
  to   space 20992K, 0% used [0x00000000eab80000,0x00000000eab80000,0x00000000ec000000)
 ParOldGen       total 186880K, used 24143K [0x00000000a0000000, 0x00000000ab680000, 0x00000000e0000000)
  object space 186880K, 12% used [0x00000000a0000000,0x00000000a1793cd0,0x00000000ab680000)
 Metaspace       used 57125K, capacity 59083K, committed 59096K, reserved 1099776K
  class space    used 7743K, capacity 8179K, committed 8192K, reserved 1048576K
Event: 10.488 GC heap after
Heap after GC invocations=12 (full 3):
 PSYoungGen      total 145408K, used 0K [0x00000000e0000000, 0x00000000ec000000, 0x0000000100000000)
  eden space 128000K, 0% used [0x00000000e0000000,0x00000000e0000000,0x00000000e7d00000)
  from space 17408K, 0% used [0x00000000e7d00000,0x00000000e7d00000,0x00000000e8e00000)
  to   space 20992K, 0% used [0x00000000eab80000,0x00000000eab80000,0x00000000ec000000)
 ParOldGen       total 283648K, used 38218K [0x00000000a0000000, 0x00000000b1500000, 0x00000000e0000000)
  object space 283648K, 13% used [0x00000000a0000000,0x00000000a2552ad8,0x00000000b1500000)
 Metaspace       used 57125K, capacity 59083K, committed 59096K, reserved 1099776K
  class space    used 7743K, capacity 8179K, committed 8192K, reserved 1048576K
}

